# JRE version: Java(TM) SE Runtime Environment (8.0_181-b13) (build 1.8.0_181-b13)
# Java VM: Java HotSpot(TM) 64-Bit Server VM (25.181-b13 mixed mode bsd-amd64 compressed oops)
Heap:
 PSYoungGen      total 141824K, used 58938K [0x000000079a180000, 0x00000007a3680000, 0x00000007c0000000)
  eden space 131072K, 44% used [0x000000079a180000,0x000000079db0e800,0x00000007a2180000)
  from space 10752K, 0% used [0x00000007a2c00000,0x00000007a2c00000,0x00000007a3680000)
  to   space 10752K, 0% used [0x00000007a2180000,0x00000007a2180000,0x00000007a2c00000)
 ParOldGen       total 104448K, used 11947K [0x000000074e400000, 0x0000000754a00000, 0x000000079a180000)
  object space 104448K, 11% used [0x000000074e400000,0x000000074efaae48,0x0000000754a00000)
 Metaspace       used 25363K, capacity 25614K, committed 25904K, reserved 1073152K
  class space    used 2991K, capacity 3113K, committed 3120K, reserved 1048576K
GC Heap History (10 events):
Event: 0.628 GC heap before
{Heap before GC invocations=1 (full 0):
 PSYoungGen      total 76288K, used 65536K [0x000000079a180000, 0x000000079f680000, 0x00000007c0000000)
  eden space 65536K, 100% used [0x000000079a180000,0x000000079e180000,0x000000079e180000)
  from space 10752K, 0% used [0x000000079ec00000,0x000000079ec00000,0x000000079f680000)
  to   space 10752K, 0% used [0x000000079e180000,0x000000079e180000,0x000000079ec00000)
 ParOldGen       total 175104K, used 0K [0x000000074e400000, 0x0000000758f00000, 0x000000079a180000)
  object space 175104K, 0% used [0x000000074e400000,0x000000074e400000,0x0000000758f00000)
 Metaspace       used 9898K, capacity 10006K, committed 10112K, reserved 1058816K
  class space    used 1108K, capacity 1137K, committed 1152K, reserved 1048576K
Event: 0.634 GC heap after
Heap after GC invocations=1 (full 0):
 PSYoungGen      total 76288K, used 7032K [0x000000079a180000, 0x000000079f680000, 0x00000007c0000000)
  eden space 65536K, 0% used [0x000000079a180000,0x000000079a180000,0x000000079e180000)
  from space 10752K, 65% used [0x000000079e180000,0x000000079e85e228,0x000000079ec00000)
  to   space 10752K, 0% used [0x000000079ec00000,0x000000079ec00000,0x000000079f680000)
 ParOldGen       total 175104K, used 8K [0x000000074e400000, 0x0000000758f00000, 0x000000079a180000)
  object space 175104K, 0% used [0x000000074e400000,0x000000074e402000,0x0000000758f00000)
 Metaspace       used 9898K, capacity 10006K, committed 10112K, reserved 1058816K
  class space    used 1108K, capacity 1137K, committed 1152K, reserved 1048576K
}
Event: 1.037 GC heap before
{Heap before GC invocations=2 (full 0):
 PSYoungGen      total 76288K, used 72568K [0x000000079a180000, 0x000000079f680000, 0x00000007c0000000)
  eden space 65536K, 100% used [0x000000079a180000,0x000000079e180000,0x000000079e180000)
  from space 10752K, 65% used [0x000000079e180000,0x000000079e85e228,0x000000079ec00000)
  to   space 10752K, 0% used [0x000000079ec00000,0x000000079ec00000,0x000000079f680000)
 ParOldGen       total 175104K, used 8K [0x000000074e400000, 0x0000000758f00000, 0x000000079a180000)
  object space 175104K, 0% used [0x000000074e400000,0x000000074e402000,0x0000000758f00000)
 Metaspace       used 16576K, capacity 16726K, committed 17024K, reserved 1064960K
  class space    used 1806K, capacity 1867K, committed 1920K, reserved 1048576K
Event: 1.042 GC heap after
Heap after GC invocations=2 (full 0):
 PSYoungGen      total 76288K, used 9019K [0x000000079a180000, 0x00000007a3680000, 0x00000007c0000000)
  eden space 65536K, 0% used [0x000000079a180000,0x000000079a180000,0x000000079e180000)
  from space 10752K, 83% used [0x000000079ec00000,0x000000079f4ced40,0x000000079f680000)
  to   space 10752K, 0% used [0x000000079e180000,0x000000079e180000,0x000000079ec00000)
 ParOldGen       total 175104K, used 80K [0x000000074e400000, 0x0000000758f00000, 0x000000079a180000)
  object space 175104K, 0% used [0x000000074e400000,0x000000074e414010,0x0000000758f00000)
 Metaspace       used 16576K, capacity 16726K, committed 17024K, reserved 1064960K
  class space    used 1806K, capacity 1867K, committed 1920K, reserved 1048576K
}
Event: 1.466 GC heap before
{Heap before GC invocations=3 (full 0):
 PSYoungGen      total 76288K, used 74555K [0x000000079a180000, 0x00000007a3680000, 0x00000007c0000000)
  eden space 65536K, 100% used [0x000000079a180000,0x000000079e180000,0x000000079e180000)
  from space 10752K, 83% used [0x000000079ec00000,0x000000079f4ced40,0x000000079f680000)
  to   space 10752K, 0% used [0x000000079e180000,0x000000079e180000,0x000000079ec00000)
 ParOldGen       total 175104K, used 80K [0x000000074e400000, 0x0000000758f00000, 0x000000079a180000)
  object space 175104K, 0% used [0x000000074e400000,0x000000074e414010,0x0000000758f00000)
 Metaspace       used 20345K, capacity 20596K, committed 20992K, reserved 1067008K
  class space    used 2333K, capacity 2440K, committed 2560K, reserved 1048576K
Event: 1.477 GC heap after
Heap after GC invocations=3 (full 0):
 PSYoungGen      total 76288K, used 10735K [0x000000079a180000, 0x00000007a3680000, 0x00000007c0000000)
  eden space 65536K, 0% used [0x000000079a180000,0x000000079a180000,0x000000079e180000)
  from space 10752K, 99% used [0x000000079e180000,0x000000079ebfbd28,0x000000079ec00000)
  to   space 10752K, 0% used [0x00000007a2c00000,0x00000007a2c00000,0x00000007a3680000)
 ParOldGen       total 175104K, used 2534K [0x000000074e400000, 0x0000000758f00000, 0x000000079a180000)
  object space 175104K, 1% used [0x000000074e400000,0x000000074e679a50,0x0000000758f00000)
 Metaspace       used 20345K, capacity 20596K, committed 20992K, reserved 1067008K
  class space    used 2333K, capacity 2440K, committed 2560K, reserved 1048576K
}
Event: 1.541 GC heap before
{Heap before GC invocations=4 (full 0):
 PSYoungGen      total 76288K, used 24566K [0x000000079a180000, 0x00000007a3680000, 0x00000007c0000000)
  eden space 65536K, 21% used [0x000000079a180000,0x000000079af01dc8,0x000000079e180000)
  from space 10752K, 99% used [0x000000079e180000,0x000000079ebfbd28,0x000000079ec00000)
  to   space 10752K, 0% used [0x00000007a2c00000,0x00000007a2c00000,0x00000007a3680000)
 ParOldGen       total 175104K, used 2534K [0x000000074e400000, 0x0000000758f00000, 0x000000079a180000)
  object space 175104K, 1% used [0x000000074e400000,0x000000074e679a50,0x0000000758f00000)
 Metaspace       used 20844K, capacity 21108K, committed 21296K, reserved 1069056K
  class space    used 2435K, capacity 2568K, committed 2608K, reserved 1048576K
Event: 1.550 GC heap after
Heap after GC invocations=4 (full 0):
 PSYoungGen      total 141824K, used 10750K [0x000000079a180000, 0x00000007a3680000, 0x00000007c0000000)
  eden space 131072K, 0% used [0x000000079a180000,0x000000079a180000,0x00000007a2180000)
  from space 10752K, 99% used [0x00000007a2c00000,0x00000007a367f8b8,0x00000007a3680000)
  to   space 10752K, 0% used [0x00000007a2180000,0x00000007a2180000,0x00000007a2c00000)
 ParOldGen       total 175104K, used 3167K [0x000000074e400000, 0x0000000758f00000, 0x000000079a180000)
  object space 175104K, 1% used [0x000000074e400000,0x000000074e717ef8,0x0000000758f00000)
 Metaspace       used 20844K, capacity 21108K, committed 21296K, reserved 1069056K
  class space    used 2435K, capacity 2568K, committed 2608K, reserved 1048576K
}
Event: 1.550 GC heap before
{Heap before GC invocations=5 (full 1):
 PSYoungGen      total 141824K, used 10750K [0x000000079a180000, 0x00000007a3680000, 0x00000007c0000000)
  eden space 131072K, 0% used [0x000000079a180000,0x000000079a180000,0x00000007a2180000)
  from space 10752K, 99% used [0x00000007a2c00000,0x00000007a367f8b8,0x00000007a3680000)
  to   space 10752K, 0% used [0x00000007a2180000,0x00000007a2180000,0x00000007a2c00000)
 ParOldGen       total 175104K, used 3167K [0x000000074e400000, 0x0000000758f00000, 0x000000079a180000)
  object space 175104K, 1% used [0x000000074e400000,0x000000074e717ef8,0x0000000758f00000)
 Metaspace       used 20844K, capacity 21108K, committed 21296K, reserved 1069056K
  class space    used 2435K, capacity 2568K, committed 2608K, reserved 1048576K
Event: 1.586 GC heap after
Heap after GC invocations=5 (full 1):
 PSYoungGen      total 141824K, used 0K [0x000000079a180000, 0x00000007a3680000, 0x00000007c0000000)
  eden space 131072K, 0% used [0x000000079a180000,0x000000079a180000,0x00000007a2180000)
  from space 10752K, 0% used [0x00000007a2c00000,0x00000007a2c00000,0x00000007a3680000)
  to   space 10752K, 0% used [0x00000007a2180000,0x00000007a2180000,0x00000007a2c00000)
 ParOldGen       total 104448K, used 11947K [0x000000074e400000, 0x0000000754a00000, 0x000000079a180000)
  object space 104448K, 11% used [0x000000074e400000,0x000000074efaae48,0x0000000754a00000)
 Metaspace       used 20844K, capacity 21108K, committed 21296K, reserved 1069056K
  class space    used 2435K, capacity 2568K, committed 2608K, reserved 1048576K
}

