# JRE version: Java(TM) SE Runtime Environment (8.0_181-b13) (build 1.8.0_181-b13)
# Java VM: Java HotSpot(TM) 64-Bit Server VM (25.181-b13 mixed mode bsd-amd64 compressed oops)
Heap:
 PSYoungGen      total 141824K, used 55138K [0x000000079a180000, 0x00000007a3680000, 0x00000007c0000000)
  eden space 131072K, 42% used [0x000000079a180000,0x000000079d7589c8,0x00000007a2180000)
  from space 10752K, 0% used [0x00000007a2c00000,0x00000007a2c00000,0x00000007a3680000)
  to   space 10752K, 0% used [0x00000007a2180000,0x00000007a2180000,0x00000007a2c00000)
 ParOldGen       total 102912K, used 11944K [0x000000074e400000, 0x0000000754880000, 0x000000079a180000)
  object space 102912K, 11% used [0x000000074e400000,0x000000074efaa150,0x0000000754880000)
 Metaspace       used 25383K, capacity 25694K, committed 26032K, reserved 1073152K
  class space    used 3001K, capacity 3145K, committed 3248K, reserved 1048576K
GC Heap History (10 events):
Event: 0.632 GC heap before
{Heap before GC invocations=1 (full 0):
 PSYoungGen      total 76288K, used 65536K [0x000000079a180000, 0x000000079f680000, 0x00000007c0000000)
  eden space 65536K, 100% used [0x000000079a180000,0x000000079e180000,0x000000079e180000)
  from space 10752K, 0% used [0x000000079ec00000,0x000000079ec00000,0x000000079f680000)
  to   space 10752K, 0% used [0x000000079e180000,0x000000079e180000,0x000000079ec00000)
 ParOldGen       total 175104K, used 0K [0x000000074e400000, 0x0000000758f00000, 0x000000079a180000)
  object space 175104K, 0% used [0x000000074e400000,0x000000074e400000,0x0000000758f00000)
 Metaspace       used 9904K, capacity 10022K, committed 10240K, reserved 1058816K
  class space    used 1116K, capacity 1169K, committed 1280K, reserved 1048576K
Event: 0.639 GC heap after
Heap after GC invocations=1 (full 0):
 PSYoungGen      total 76288K, used 7130K [0x000000079a180000, 0x000000079f680000, 0x00000007c0000000)
  eden space 65536K, 0% used [0x000000079a180000,0x000000079a180000,0x000000079e180000)
  from space 10752K, 66% used [0x000000079e180000,0x000000079e876ba8,0x000000079ec00000)
  to   space 10752K, 0% used [0x000000079ec00000,0x000000079ec00000,0x000000079f680000)
 ParOldGen       total 175104K, used 8K [0x000000074e400000, 0x0000000758f00000, 0x000000079a180000)
  object space 175104K, 0% used [0x000000074e400000,0x000000074e402000,0x0000000758f00000)
 Metaspace       used 9904K, capacity 10022K, committed 10240K, reserved 1058816K
  class space    used 1116K, capacity 1169K, committed 1280K, reserved 1048576K
}
Event: 1.032 GC heap before
{Heap before GC invocations=2 (full 0):
 PSYoungGen      total 76288K, used 72666K [0x000000079a180000, 0x000000079f680000, 0x00000007c0000000)
  eden space 65536K, 100% used [0x000000079a180000,0x000000079e180000,0x000000079e180000)
  from space 10752K, 66% used [0x000000079e180000,0x000000079e876ba8,0x000000079ec00000)
  to   space 10752K, 0% used [0x000000079ec00000,0x000000079ec00000,0x000000079f680000)
 ParOldGen       total 175104K, used 8K [0x000000074e400000, 0x0000000758f00000, 0x000000079a180000)
  object space 175104K, 0% used [0x000000074e400000,0x000000074e402000,0x0000000758f00000)
 Metaspace       used 16588K, capacity 16774K, committed 17024K, reserved 1064960K
  class space    used 1815K, capacity 1867K, committed 1920K, reserved 1048576K
Event: 1.044 GC heap after
Heap after GC invocations=2 (full 0):
 PSYoungGen      total 76288K, used 8995K [0x000000079a180000, 0x00000007a3680000, 0x00000007c0000000)
  eden space 65536K, 0% used [0x000000079a180000,0x000000079a180000,0x000000079e180000)
  from space 10752K, 83% used [0x000000079ec00000,0x000000079f4c8ee8,0x000000079f680000)
  to   space 10752K, 0% used [0x000000079e180000,0x000000079e180000,0x000000079ec00000)
 ParOldGen       total 175104K, used 80K [0x000000074e400000, 0x0000000758f00000, 0x000000079a180000)
  object space 175104K, 0% used [0x000000074e400000,0x000000074e414010,0x0000000758f00000)
 Metaspace       used 16588K, capacity 16774K, committed 17024K, reserved 1064960K
  class space    used 1815K, capacity 1867K, committed 1920K, reserved 1048576K
}
Event: 1.479 GC heap before
{Heap before GC invocations=3 (full 0):
 PSYoungGen      total 76288K, used 74531K [0x000000079a180000, 0x00000007a3680000, 0x00000007c0000000)
  eden space 65536K, 100% used [0x000000079a180000,0x000000079e180000,0x000000079e180000)
  from space 10752K, 83% used [0x000000079ec00000,0x000000079f4c8ee8,0x000000079f680000)
  to   space 10752K, 0% used [0x000000079e180000,0x000000079e180000,0x000000079ec00000)
 ParOldGen       total 175104K, used 80K [0x000000074e400000, 0x0000000758f00000, 0x000000079a180000)
  object space 175104K, 0% used [0x000000074e400000,0x000000074e414010,0x0000000758f00000)
 Metaspace       used 20362K, capacity 20580K, committed 20992K, reserved 1067008K
  class space    used 2342K, capacity 2440K, committed 2560K, reserved 1048576K
Event: 1.491 GC heap after
Heap after GC invocations=3 (full 0):
 PSYoungGen      total 76288K, used 10747K [0x000000079a180000, 0x00000007a3680000, 0x00000007c0000000)
  eden space 65536K, 0% used [0x000000079a180000,0x000000079a180000,0x000000079e180000)
  from space 10752K, 99% used [0x000000079e180000,0x000000079ebfed98,0x000000079ec00000)
  to   space 10752K, 0% used [0x00000007a2c00000,0x00000007a2c00000,0x00000007a3680000)
 ParOldGen       total 175104K, used 2559K [0x000000074e400000, 0x0000000758f00000, 0x000000079a180000)
  object space 175104K, 1% used [0x000000074e400000,0x000000074e67fe00,0x0000000758f00000)
 Metaspace       used 20362K, capacity 20580K, committed 20992K, reserved 1067008K
  class space    used 2342K, capacity 2440K, committed 2560K, reserved 1048576K
}
Event: 1.553 GC heap before
{Heap before GC invocations=4 (full 0):
 PSYoungGen      total 76288K, used 24612K [0x000000079a180000, 0x00000007a3680000, 0x00000007c0000000)
  eden space 65536K, 21% used [0x000000079a180000,0x000000079af0a568,0x000000079e180000)
  from space 10752K, 99% used [0x000000079e180000,0x000000079ebfed98,0x000000079ec00000)
  to   space 10752K, 0% used [0x00000007a2c00000,0x00000007a2c00000,0x00000007a3680000)
 ParOldGen       total 175104K, used 2559K [0x000000074e400000, 0x0000000758f00000, 0x000000079a180000)
  object space 175104K, 1% used [0x000000074e400000,0x000000074e67fe00,0x0000000758f00000)
 Metaspace       used 20851K, capacity 21092K, committed 21296K, reserved 1069056K
  class space    used 2442K, capacity 2568K, committed 2608K, reserved 1048576K
Event: 1.561 GC heap after
Heap after GC invocations=4 (full 0):
 PSYoungGen      total 141824K, used 10734K [0x000000079a180000, 0x00000007a3680000, 0x00000007c0000000)
  eden space 131072K, 0% used [0x000000079a180000,0x000000079a180000,0x00000007a2180000)
  from space 10752K, 99% used [0x00000007a2c00000,0x00000007a367b888,0x00000007a3680000)
  to   space 10752K, 0% used [0x00000007a2180000,0x00000007a2180000,0x00000007a2c00000)
 ParOldGen       total 175104K, used 3187K [0x000000074e400000, 0x0000000758f00000, 0x000000079a180000)
  object space 175104K, 1% used [0x000000074e400000,0x000000074e71cd88,0x0000000758f00000)
 Metaspace       used 20851K, capacity 21092K, committed 21296K, reserved 1069056K
  class space    used 2442K, capacity 2568K, committed 2608K, reserved 1048576K
}
Event: 1.561 GC heap before
{Heap before GC invocations=5 (full 1):
 PSYoungGen      total 141824K, used 10734K [0x000000079a180000, 0x00000007a3680000, 0x00000007c0000000)
  eden space 131072K, 0% used [0x000000079a180000,0x000000079a180000,0x00000007a2180000)
  from space 10752K, 99% used [0x00000007a2c00000,0x00000007a367b888,0x00000007a3680000)
  to   space 10752K, 0% used [0x00000007a2180000,0x00000007a2180000,0x00000007a2c00000)
 ParOldGen       total 175104K, used 3187K [0x000000074e400000, 0x0000000758f00000, 0x000000079a180000)
  object space 175104K, 1% used [0x000000074e400000,0x000000074e71cd88,0x0000000758f00000)
 Metaspace       used 20851K, capacity 21092K, committed 21296K, reserved 1069056K
  class space    used 2442K, capacity 2568K, committed 2608K, reserved 1048576K
Event: 1.597 GC heap after
Heap after GC invocations=5 (full 1):
 PSYoungGen      total 141824K, used 0K [0x000000079a180000, 0x00000007a3680000, 0x00000007c0000000)
  eden space 131072K, 0% used [0x000000079a180000,0x000000079a180000,0x00000007a2180000)
  from space 10752K, 0% used [0x00000007a2c00000,0x00000007a2c00000,0x00000007a3680000)
  to   space 10752K, 0% used [0x00000007a2180000,0x00000007a2180000,0x00000007a2c00000)
 ParOldGen       total 102912K, used 11944K [0x000000074e400000, 0x0000000754880000, 0x000000079a180000)
  object space 102912K, 11% used [0x000000074e400000,0x000000074efaa150,0x0000000754880000)
 Metaspace       used 20851K, capacity 21092K, committed 21296K, reserved 1069056K
  class space    used 2442K, capacity 2568K, committed 2608K, reserved 1048576K
}

